
=======================================================
  Production Readiness Check — Day 12 Lab
=======================================================

📁 Required Files
  ✅ Dockerfile exists
  ✅ docker-compose.yml exists
  ✅ .dockerignore exists
  ✅ .env.example exists
  ✅ requirements.txt exists
  ✅ railway.toml or render.yaml exists

🔒 Security
  ✅ .env in .gitignore
  ✅ No hardcoded secrets in code

🌐 API Endpoints (code check)
  ✅ /health endpoint defined
  ✅ /ready endpoint defined
  ✅ Authentication implemented
  ✅ Rate limiting implemented
  ✅ Graceful shutdown (SIGTERM)
  ✅ Structured logging (JSON)

🐳 Docker
  ✅ Multi-stage build
  ✅ Non-root user
  ✅ HEALTHCHECK instruction
  ✅ Slim base image
  ✅ .dockerignore covers .env
  ✅ .dockerignore covers __pycache__

=======================================================
  Result: 20/20 checks passed (100%)
  🎉 PRODUCTION READY! Deploy nào!
=======================================================

